0 info it worked if it ends with ok
1 verbose cli [ '/home/ubuntu/.nvm/versions/node/v6.11.5/bin/node',
1 verbose cli   '/home/ubuntu/.nvm/versions/node/v6.11.5/bin/npm',
1 verbose cli   'install' ]
2 info using npm@3.10.10
3 info using node@v6.11.5
4 silly loadCurrentTree Starting
5 silly install loadCurrentTree
6 silly install readLocalPackageData
7 silly install normalizeTree
8 silly loadCurrentTree Finishing
9 silly loadIdealTree Starting
10 silly install loadIdealTree
11 silly cloneCurrentTree Starting
12 silly install cloneCurrentTreeToIdealTree
13 silly cloneCurrentTree Finishing
14 silly loadShrinkwrap Starting
15 silly install loadShrinkwrap
16 silly loadShrinkwrap Finishing
17 silly loadAllDepsIntoIdealTree Starting
18 silly install loadAllDepsIntoIdealTree
19 silly fetchNamedPackageData fsevents
20 silly mapToRegistry name fsevents
21 silly mapToRegistry using default registry
22 silly mapToRegistry registry https://registry.npmjs.org/
23 silly mapToRegistry data Result {
23 silly mapToRegistry   raw: 'fsevents',
23 silly mapToRegistry   scope: null,
23 silly mapToRegistry   escapedName: 'fsevents',
23 silly mapToRegistry   name: 'fsevents',
23 silly mapToRegistry   rawSpec: '',
23 silly mapToRegistry   spec: 'latest',
23 silly mapToRegistry   type: 'tag' }
24 silly mapToRegistry uri https://registry.npmjs.org/fsevents
25 verbose request uri https://registry.npmjs.org/fsevents
26 verbose request no auth needed
27 info attempt registry request try #1 at 11:38:33 PM
28 verbose request id 5794b3e6f86604a0
29 verbose etag W/"bcffea2f69aac7abfa570bf3b20de6a0"
30 verbose lastModified Fri, 18 Jan 2019 15:54:31 GMT
31 http request GET https://registry.npmjs.org/fsevents
32 http 304 https://registry.npmjs.org/fsevents
33 verbose headers { date: 'Mon, 25 Feb 2019 23:38:33 GMT',
33 verbose headers   connection: 'keep-alive',
33 verbose headers   'set-cookie': [ '__cfduid=d112ee4a270a92bd64a88b36f3a9ecb511551137913; expires=Tue, 25-Feb-20 23:38:33 GMT; path=/; domain=.registry.npmjs.org; HttpOnly' ],
33 verbose headers   'cf-cache-status': 'HIT',
33 verbose headers   'cache-control': 'max-age=300',
33 verbose headers   'cf-ray': '4aee0195cb357143-ORD',
33 verbose headers   etag: '"bcffea2f69aac7abfa570bf3b20de6a0"',
33 verbose headers   'expect-ct': 'max-age=604800, report-uri="https://report-uri.cloudflare.com/cdn-cgi/beacon/expect-ct"',
33 verbose headers   'last-modified': 'Fri, 18 Jan 2019 15:54:31 GMT',
33 verbose headers   vary: 'accept-encoding, accept',
33 verbose headers   'x-amz-meta-rev': '98-f5c810ab87c5a9d4100da1fba1ab6a54',
33 verbose headers   server: 'cloudflare' }
34 silly get cb [ 304,
34 silly get   { date: 'Mon, 25 Feb 2019 23:38:33 GMT',
34 silly get     connection: 'keep-alive',
34 silly get     'set-cookie': [ '__cfduid=d112ee4a270a92bd64a88b36f3a9ecb511551137913; expires=Tue, 25-Feb-20 23:38:33 GMT; path=/; domain=.registry.npmjs.org; HttpOnly' ],
34 silly get     'cf-cache-status': 'HIT',
34 silly get     'cache-control': 'max-age=300',
34 silly get     'cf-ray': '4aee0195cb357143-ORD',
34 silly get     etag: '"bcffea2f69aac7abfa570bf3b20de6a0"',
34 silly get     'expect-ct': 'max-age=604800, report-uri="https://report-uri.cloudflare.com/cdn-cgi/beacon/expect-ct"',
34 silly get     'last-modified': 'Fri, 18 Jan 2019 15:54:31 GMT',
34 silly get     vary: 'accept-encoding, accept',
34 silly get     'x-amz-meta-rev': '98-f5c810ab87c5a9d4100da1fba1ab6a54',
34 silly get     server: 'cloudflare' } ]
35 verbose etag https://registry.npmjs.org/fsevents from cache
36 verbose get saving fsevents to /home/ubuntu/.npm/registry.npmjs.org/fsevents/.cache.json
37 verbose correctMkdir /home/ubuntu/.npm correctMkdir not in flight; initializing
38 silly resolveWithNewModule fsevents@1.2.7 checking installable status
39 silly loadAllDepsIntoIdealTree Finishing
40 silly loadIdealTree Finishing
41 silly currentTree react-and-rails@
41 silly currentTree ├── @babel/code-frame@7.0.0
41 silly currentTree ├── @babel/core@7.3.4
41 silly currentTree ├── @babel/generator@7.3.4
41 silly currentTree ├── @babel/helper-function-name@7.1.0
41 silly currentTree ├── @babel/helper-get-function-arity@7.0.0
41 silly currentTree ├── @babel/helper-plugin-utils@7.0.0
41 silly currentTree ├── @babel/helper-split-export-declaration@7.0.0
41 silly currentTree ├── @babel/helpers@7.3.1
41 silly currentTree ├── @babel/highlight@7.0.0
41 silly currentTree ├── @babel/parser@7.3.4
41 silly currentTree ├── @babel/plugin-syntax-object-rest-spread@7.2.0
41 silly currentTree ├── @babel/template@7.2.2
41 silly currentTree ├── @babel/traverse@7.3.4
41 silly currentTree ├── @babel/types@7.3.4
41 silly currentTree ├── abab@2.0.0
41 silly currentTree ├─┬ acorn-globals@4.3.0
41 silly currentTree │ └── acorn@6.1.0
41 silly currentTree ├── acorn-walk@6.1.1
41 silly currentTree ├── acorn@5.7.3
41 silly currentTree ├── ajv@6.9.2
41 silly currentTree ├── ansi-escapes@3.2.0
41 silly currentTree ├── ansi-regex@4.0.0
41 silly currentTree ├── ansi-styles@3.2.1
41 silly currentTree ├── anymatch@2.0.0
41 silly currentTree ├── append-transform@1.0.0
41 silly currentTree ├── argparse@1.0.10
41 silly currentTree ├── arr-diff@4.0.0
41 silly currentTree ├── arr-flatten@1.1.0
41 silly currentTree ├── arr-union@3.1.0
41 silly currentTree ├── array-equal@1.0.0
41 silly currentTree ├── array-unique@0.3.2
41 silly currentTree ├── arrify@1.0.1
41 silly currentTree ├── asn1@0.2.4
41 silly currentTree ├── assert-plus@1.0.0
41 silly currentTree ├── assign-symbols@1.0.0
41 silly currentTree ├── astral-regex@1.0.0
41 silly currentTree ├── async-limiter@1.0.0
41 silly currentTree ├── async@2.6.2
41 silly currentTree ├── asynckit@0.4.0
41 silly currentTree ├── atob@2.1.2
41 silly currentTree ├── aws-sign2@0.7.0
41 silly currentTree ├── aws4@1.8.0
41 silly currentTree ├── babel-jest@24.1.0
41 silly currentTree ├── babel-plugin-istanbul@5.1.1
41 silly currentTree ├── babel-plugin-jest-hoist@24.1.0
41 silly currentTree ├── babel-preset-jest@24.1.0
41 silly currentTree ├── balanced-match@1.0.0
41 silly currentTree ├─┬ base@0.11.2
41 silly currentTree │ ├── define-property@1.0.0
41 silly currentTree │ ├── is-accessor-descriptor@1.0.0
41 silly currentTree │ ├── is-data-descriptor@1.0.0
41 silly currentTree │ └── is-descriptor@1.0.2
41 silly currentTree ├── bcrypt-pbkdf@1.0.2
41 silly currentTree ├── brace-expansion@1.1.11
41 silly currentTree ├─┬ braces@2.3.2
41 silly currentTree │ └── extend-shallow@2.0.1
41 silly currentTree ├── browser-process-hrtime@0.1.3
41 silly currentTree ├─┬ browser-resolve@1.11.3
41 silly currentTree │ └── resolve@1.1.7
41 silly currentTree ├── bser@2.0.0
41 silly currentTree ├── buffer-from@1.1.1
41 silly currentTree ├── cache-base@1.0.1
41 silly currentTree ├── callsites@3.0.0
41 silly currentTree ├── camelcase@5.0.0
41 silly currentTree ├── capture-exit@1.2.0
41 silly currentTree ├── caseless@0.12.0
41 silly currentTree ├── chalk@2.4.2
41 silly currentTree ├── ci-info@2.0.0
41 silly currentTree ├─┬ class-utils@0.3.6
41 silly currentTree │ └── define-property@0.2.5
41 silly currentTree ├─┬ cliui@4.1.0
41 silly currentTree │ ├── ansi-regex@3.0.0
41 silly currentTree │ └── strip-ansi@4.0.0
41 silly currentTree ├── co@4.6.0
41 silly currentTree ├── code-point-at@1.1.0
41 silly currentTree ├── collection-visit@1.0.0
41 silly currentTree ├── color-convert@1.9.3
41 silly currentTree ├── color-name@1.1.3
41 silly currentTree ├── combined-stream@1.0.7
41 silly currentTree ├── commander@2.17.1
41 silly currentTree ├── compare-versions@3.4.0
41 silly currentTree ├── component-emitter@1.2.1
41 silly currentTree ├── concat-map@0.0.1
41 silly currentTree ├── convert-source-map@1.6.0
41 silly currentTree ├── copy-descriptor@0.1.1
41 silly currentTree ├── core-util-is@1.0.2
41 silly currentTree ├── cross-spawn@6.0.5
41 silly currentTree ├── cssom@0.3.6
41 silly currentTree ├── cssstyle@1.2.1
41 silly currentTree ├── dashdash@1.14.1
41 silly currentTree ├─┬ data-urls@1.1.0
41 silly currentTree │ └── whatwg-url@7.0.0
41 silly currentTree ├── debug@4.1.1
41 silly currentTree ├── decamelize@1.2.0
41 silly currentTree ├── decode-uri-component@0.2.0
41 silly currentTree ├── deep-is@0.1.3
41 silly currentTree ├── default-require-extensions@2.0.0
41 silly currentTree ├── define-properties@1.1.3
41 silly currentTree ├─┬ define-property@2.0.2
41 silly currentTree │ ├── is-accessor-descriptor@1.0.0
41 silly currentTree │ ├── is-data-descriptor@1.0.0
41 silly currentTree │ └── is-descriptor@1.0.2
41 silly currentTree ├── delayed-stream@1.0.0
41 silly currentTree ├── detect-newline@2.1.0
41 silly currentTree ├── diff-sequences@24.0.0
41 silly currentTree ├── domexception@1.0.1
41 silly currentTree ├── ecc-jsbn@0.1.2
41 silly currentTree ├── end-of-stream@1.4.1
41 silly currentTree ├── error-ex@1.3.2
41 silly currentTree ├── es-abstract@1.13.0
41 silly currentTree ├── es-to-primitive@1.2.0
41 silly currentTree ├── escape-string-regexp@1.0.5
41 silly currentTree ├─┬ escodegen@1.11.1
41 silly currentTree │ ├── esprima@3.1.3
41 silly currentTree │ └── source-map@0.6.1
41 silly currentTree ├── esprima@4.0.1
41 silly currentTree ├── estraverse@4.2.0
41 silly currentTree ├── esutils@2.0.2
41 silly currentTree ├── exec-sh@0.2.2
41 silly currentTree ├── execa@1.0.0
41 silly currentTree ├── exit@0.1.2
41 silly currentTree ├─┬ expand-brackets@2.1.4
41 silly currentTree │ ├── debug@2.6.9
41 silly currentTree │ ├── define-property@0.2.5
41 silly currentTree │ ├── extend-shallow@2.0.1
41 silly currentTree │ └── ms@2.0.0
41 silly currentTree ├── expect@24.1.0
41 silly currentTree ├─┬ extend-shallow@3.0.2
41 silly currentTree │ └── is-extendable@1.0.1
41 silly currentTree ├── extend@3.0.2
41 silly currentTree ├─┬ extglob@2.0.4
41 silly currentTree │ ├── define-property@1.0.0
41 silly currentTree │ ├── extend-shallow@2.0.1
41 silly currentTree │ ├── is-accessor-descriptor@1.0.0
41 silly currentTree │ ├── is-data-descriptor@1.0.0
41 silly currentTree │ └── is-descriptor@1.0.2
41 silly currentTree ├── extsprintf@1.3.0
41 silly currentTree ├── fast-deep-equal@2.0.1
41 silly currentTree ├── fast-json-stable-stringify@2.0.0
41 silly currentTree ├── fast-levenshtein@2.0.6
41 silly currentTree ├── fb-watchman@2.0.0
41 silly currentTree ├── fileset@2.0.3
41 silly currentTree ├─┬ fill-range@4.0.0
41 silly currentTree │ └── extend-shallow@2.0.1
41 silly currentTree ├── find-up@3.0.0
41 silly currentTree ├── for-in@1.0.2
41 silly currentTree ├── forever-agent@0.6.1
41 silly currentTree ├── form-data@2.3.3
41 silly currentTree ├── fragment-cache@0.2.1
41 silly currentTree ├── fs.realpath@1.0.0
41 silly currentTree ├── function-bind@1.1.1
41 silly currentTree ├── get-caller-file@1.0.3
41 silly currentTree ├── get-stream@4.1.0
41 silly currentTree ├── get-value@2.0.6
41 silly currentTree ├── getpass@0.1.7
41 silly currentTree ├── glob@7.1.3
41 silly currentTree ├── globals@11.11.0
41 silly currentTree ├── graceful-fs@4.1.15
41 silly currentTree ├── growly@1.3.0
41 silly currentTree ├─┬ handlebars@4.1.0
41 silly currentTree │ └── source-map@0.6.1
41 silly currentTree ├── har-schema@2.0.0
41 silly currentTree ├── har-validator@5.1.3
41 silly currentTree ├── has-flag@3.0.0
41 silly currentTree ├── has-symbols@1.0.0
41 silly currentTree ├── has-value@1.0.0
41 silly currentTree ├─┬ has-values@1.0.0
41 silly currentTree │ └── kind-of@4.0.0
41 silly currentTree ├── has@1.0.3
41 silly currentTree ├── hosted-git-info@2.7.1
41 silly currentTree ├── html-encoding-sniffer@1.0.2
41 silly currentTree ├── http-signature@1.2.0
41 silly currentTree ├── iconv-lite@0.4.24
41 silly currentTree ├── import-local@2.0.0
41 silly currentTree ├── imurmurhash@0.1.4
41 silly currentTree ├── inflight@1.0.6
41 silly currentTree ├── inherits@2.0.3
41 silly currentTree ├── invariant@2.2.4
41 silly currentTree ├── invert-kv@2.0.0
41 silly currentTree ├─┬ is-accessor-descriptor@0.1.6
41 silly currentTree │ └── kind-of@3.2.2
41 silly currentTree ├── is-arrayish@0.2.1
41 silly currentTree ├── is-buffer@1.1.6
41 silly currentTree ├── is-callable@1.1.4
41 silly currentTree ├── is-ci@2.0.0
41 silly currentTree ├─┬ is-data-descriptor@0.1.4
41 silly currentTree │ └── kind-of@3.2.2
41 silly currentTree ├── is-date-object@1.0.1
41 silly currentTree ├─┬ is-descriptor@0.1.6
41 silly currentTree │ └── kind-of@5.1.0
41 silly currentTree ├── is-extendable@0.1.1
41 silly currentTree ├── is-fullwidth-code-point@2.0.0
41 silly currentTree ├── is-generator-fn@2.0.0
41 silly currentTree ├─┬ is-number@3.0.0
41 silly currentTree │ └── kind-of@3.2.2
41 silly currentTree ├── is-plain-object@2.0.4
41 silly currentTree ├── is-regex@1.0.4
41 silly currentTree ├── is-stream@1.1.0
41 silly currentTree ├── is-symbol@1.0.2
41 silly currentTree ├── is-typedarray@1.0.0
41 silly currentTree ├── is-windows@1.0.2
41 silly currentTree ├── is-wsl@1.1.0
41 silly currentTree ├── isarray@1.0.0
41 silly currentTree ├── isexe@2.0.0
41 silly currentTree ├── isobject@3.0.1
41 silly currentTree ├── isstream@0.1.2
41 silly currentTree ├── istanbul-api@2.1.1
41 silly currentTree ├── istanbul-lib-coverage@2.0.3
41 silly currentTree ├── istanbul-lib-hook@2.0.3
41 silly currentTree ├── istanbul-lib-instrument@3.1.0
41 silly currentTree ├─┬ istanbul-lib-report@2.0.4
41 silly currentTree │ └── supports-color@6.1.0
41 silly currentTree ├─┬ istanbul-lib-source-maps@3.0.2
41 silly currentTree │ └── source-map@0.6.1
41 silly currentTree ├── istanbul-reports@2.1.1
41 silly currentTree ├── jest-changed-files@24.0.0
41 silly currentTree ├── jest-config@24.1.0
41 silly currentTree ├── jest-diff@24.0.0
41 silly currentTree ├── jest-docblock@24.0.0
41 silly currentTree ├── jest-each@24.0.0
41 silly currentTree ├── jest-environment-jsdom@24.0.0
41 silly currentTree ├── jest-environment-node@24.0.0
41 silly currentTree ├── jest-get-type@24.0.0
41 silly currentTree ├── jest-haste-map@24.0.0
41 silly currentTree ├── jest-jasmine2@24.1.0
41 silly currentTree ├── jest-leak-detector@24.0.0
41 silly currentTree ├── jest-matcher-utils@24.0.0
41 silly currentTree ├── jest-message-util@24.0.0
41 silly currentTree ├── jest-mock@24.0.0
41 silly currentTree ├── jest-regex-util@24.0.0
41 silly currentTree ├── jest-resolve-dependencies@24.1.0
41 silly currentTree ├── jest-resolve@24.1.0
41 silly currentTree ├── jest-runner@24.1.0
41 silly currentTree ├── jest-runtime@24.1.0
41 silly currentTree ├── jest-serializer@24.0.0
41 silly currentTree ├── jest-snapshot@24.1.0
41 silly currentTree ├─┬ jest-util@24.0.0
41 silly currentTree │ └── source-map@0.6.1
41 silly currentTree ├── jest-validate@24.0.0
41 silly currentTree ├── jest-watcher@24.0.0
41 silly currentTree ├─┬ jest-worker@24.0.0
41 silly currentTree │ └── supports-color@6.1.0
41 silly currentTree ├─┬ jest@24.1.0
41 silly currentTree │ └── jest-cli@24.1.0
41 silly currentTree ├── js-tokens@4.0.0
41 silly currentTree ├── js-yaml@3.12.1
41 silly currentTree ├── jsbn@0.1.1
41 silly currentTree ├── jsdom@11.12.0
41 silly currentTree ├── jsesc@2.5.2
41 silly currentTree ├── json-parse-better-errors@1.0.2
41 silly currentTree ├── json-schema-traverse@0.4.1
41 silly currentTree ├── json-schema@0.2.3
41 silly currentTree ├── json-stringify-safe@5.0.1
41 silly currentTree ├─┬ json5@2.1.0
41 silly currentTree │ └── minimist@1.2.0
41 silly currentTree ├── jsprim@1.4.1
41 silly currentTree ├── kind-of@6.0.2
41 silly currentTree ├── kleur@3.0.2
41 silly currentTree ├── lcid@2.0.0
41 silly currentTree ├── left-pad@1.3.0
41 silly currentTree ├── leven@2.1.0
41 silly currentTree ├── levn@0.3.0
41 silly currentTree ├── load-json-file@4.0.0
41 silly currentTree ├── locate-path@3.0.0
41 silly currentTree ├── lodash.sortby@4.7.0
41 silly currentTree ├── lodash@4.17.11
41 silly currentTree ├── loose-envify@1.4.0
41 silly currentTree ├── make-dir@1.3.0
41 silly currentTree ├── makeerror@1.0.11
41 silly currentTree ├── map-age-cleaner@0.1.3
41 silly currentTree ├── map-cache@0.2.2
41 silly currentTree ├── map-visit@1.0.0
41 silly currentTree ├── mem@4.1.0
41 silly currentTree ├── merge-stream@1.0.1
41 silly currentTree ├── merge@1.2.1
41 silly currentTree ├── micromatch@3.1.10
41 silly currentTree ├── mime-db@1.38.0
41 silly currentTree ├── mime-types@2.1.22
41 silly currentTree ├── mimic-fn@1.2.0
41 silly currentTree ├── minimatch@3.0.4
41 silly currentTree ├── minimist@0.0.10
41 silly currentTree ├─┬ mixin-deep@1.3.1
41 silly currentTree │ └── is-extendable@1.0.1
41 silly currentTree ├─┬ mkdirp@0.5.1
41 silly currentTree │ └── minimist@0.0.8
41 silly currentTree ├── ms@2.1.1
41 silly currentTree ├── nanomatch@1.2.13
41 silly currentTree ├── natural-compare@1.4.0
41 silly currentTree ├── nice-try@1.0.5
41 silly currentTree ├── node-int64@0.4.0
41 silly currentTree ├── node-modules-regexp@1.0.0
41 silly currentTree ├── node-notifier@5.4.0
41 silly currentTree ├── normalize-package-data@2.5.0
41 silly currentTree ├── normalize-path@2.1.1
41 silly currentTree ├── npm-run-path@2.0.2
41 silly currentTree ├── number-is-nan@1.0.1
41 silly currentTree ├── nwsapi@2.1.1
41 silly currentTree ├── oauth-sign@0.9.0
41 silly currentTree ├─┬ object-copy@0.1.0
41 silly currentTree │ ├── define-property@0.2.5
41 silly currentTree │ └── kind-of@3.2.2
41 silly currentTree ├── object-keys@1.1.0
41 silly currentTree ├── object-visit@1.0.1
41 silly currentTree ├── object.getownpropertydescriptors@2.0.3
41 silly currentTree ├── object.pick@1.3.0
41 silly currentTree ├── once@1.4.0
41 silly currentTree ├── optimist@0.6.1
41 silly currentTree ├─┬ optionator@0.8.2
41 silly currentTree │ └── wordwrap@1.0.0
41 silly currentTree ├── os-locale@3.1.0
41 silly currentTree ├── p-defer@1.0.0
41 silly currentTree ├── p-each-series@1.0.0
41 silly currentTree ├── p-finally@1.0.0
41 silly currentTree ├── p-is-promise@2.0.0
41 silly currentTree ├── p-limit@2.1.0
41 silly currentTree ├── p-locate@3.0.0
41 silly currentTree ├── p-reduce@1.0.0
41 silly currentTree ├── p-try@2.0.0
41 silly currentTree ├── parse-json@4.0.0
41 silly currentTree ├── parse5@4.0.0
41 silly currentTree ├── pascalcase@0.1.1
41 silly currentTree ├── path-exists@3.0.0
41 silly currentTree ├── path-is-absolute@1.0.1
41 silly currentTree ├── path-key@2.0.1
41 silly currentTree ├── path-parse@1.0.6
41 silly currentTree ├── path-type@3.0.0
41 silly currentTree ├── performance-now@2.1.0
41 silly currentTree ├── pify@3.0.0
41 silly currentTree ├── pirates@4.0.1
41 silly currentTree ├── pkg-dir@3.0.0
41 silly currentTree ├── pn@1.1.0
41 silly currentTree ├── posix-character-classes@0.1.1
41 silly currentTree ├── prelude-ls@1.1.2
41 silly currentTree ├── pretty-format@24.0.0
41 silly currentTree ├── process-nextick-args@2.0.0
41 silly currentTree ├── prompts@2.0.3
41 silly currentTree ├── psl@1.1.31
41 silly currentTree ├── pump@3.0.0
41 silly currentTree ├── punycode@2.1.1
41 silly currentTree ├── qs@6.5.2
41 silly currentTree ├── read-pkg-up@4.0.0
41 silly currentTree ├── read-pkg@3.0.0
41 silly currentTree ├── readable-stream@2.3.6
41 silly currentTree ├── realpath-native@1.1.0
41 silly currentTree ├── regex-not@1.0.2
41 silly currentTree ├── remove-trailing-separator@1.1.0
41 silly currentTree ├── repeat-element@1.1.3
41 silly currentTree ├── repeat-string@1.6.1
41 silly currentTree ├── request-promise-core@1.1.2
41 silly currentTree ├── request-promise-native@1.0.7
41 silly currentTree ├─┬ request@2.88.0
41 silly currentTree │ ├── punycode@1.4.1
41 silly currentTree │ └── tough-cookie@2.4.3
41 silly currentTree ├── require-directory@2.1.1
41 silly currentTree ├── require-main-filename@1.0.1
41 silly currentTree ├── resolve-cwd@2.0.0
41 silly currentTree ├── resolve-from@3.0.0
41 silly currentTree ├── resolve-url@0.2.1
41 silly currentTree ├── resolve@1.10.0
41 silly currentTree ├── ret@0.1.15
41 silly currentTree ├── rimraf@2.6.3
41 silly currentTree ├── rsvp@3.6.2
41 silly currentTree ├── safe-buffer@5.1.2
41 silly currentTree ├── safe-regex@1.1.0
41 silly currentTree ├── safer-buffer@2.1.2
41 silly currentTree ├─┬ sane@3.1.0
41 silly currentTree │ └── minimist@1.2.0
41 silly currentTree ├── sax@1.2.4
41 silly currentTree ├── semver@5.6.0
41 silly currentTree ├── set-blocking@2.0.0
41 silly currentTree ├─┬ set-value@2.0.0
41 silly currentTree │ └── extend-shallow@2.0.1
41 silly currentTree ├── shebang-command@1.2.0
41 silly currentTree ├── shebang-regex@1.0.0
41 silly currentTree ├── shellwords@0.1.1
41 silly currentTree ├── signal-exit@3.0.2
41 silly currentTree ├── sisteransi@1.0.0
41 silly currentTree ├── slash@2.0.0
41 silly currentTree ├─┬ snapdragon-node@2.1.1
41 silly currentTree │ ├── define-property@1.0.0
41 silly currentTree │ ├── is-accessor-descriptor@1.0.0
41 silly currentTree │ ├── is-data-descriptor@1.0.0
41 silly currentTree │ └── is-descriptor@1.0.2
41 silly currentTree ├─┬ snapdragon-util@3.0.1
41 silly currentTree │ └── kind-of@3.2.2
41 silly currentTree ├─┬ snapdragon@0.8.2
41 silly currentTree │ ├── debug@2.6.9
41 silly currentTree │ ├── define-property@0.2.5
41 silly currentTree │ ├── extend-shallow@2.0.1
41 silly currentTree │ └── ms@2.0.0
41 silly currentTree ├── source-map-resolve@0.5.2
41 silly currentTree ├─┬ source-map-support@0.5.10
41 silly currentTree │ └── source-map@0.6.1
41 silly currentTree ├── source-map-url@0.4.0
41 silly currentTree ├── source-map@0.5.7
41 silly currentTree ├── spdx-correct@3.1.0
41 silly currentTree ├── spdx-exceptions@2.2.0
41 silly currentTree ├── spdx-expression-parse@3.0.0
41 silly currentTree ├── spdx-license-ids@3.0.3
41 silly currentTree ├── split-string@3.1.0
41 silly currentTree ├── sprintf-js@1.0.3
41 silly currentTree ├── sshpk@1.16.1
41 silly currentTree ├── stack-utils@1.0.2
41 silly currentTree ├─┬ static-extend@0.1.2
41 silly currentTree │ └── define-property@0.2.5
41 silly currentTree ├── stealthy-require@1.1.1
41 silly currentTree ├── string_decoder@1.1.1
41 silly currentTree ├─┬ string-length@2.0.0
41 silly currentTree │ ├── ansi-regex@3.0.0
41 silly currentTree │ └── strip-ansi@4.0.0
41 silly currentTree ├─┬ string-width@2.1.1
41 silly currentTree │ ├── ansi-regex@3.0.0
41 silly currentTree │ └── strip-ansi@4.0.0
41 silly currentTree ├── strip-ansi@5.0.0
41 silly currentTree ├── strip-bom@3.0.0
41 silly currentTree ├── strip-eof@1.0.0
41 silly currentTree ├── supports-color@5.5.0
41 silly currentTree ├── symbol-tree@3.2.2
41 silly currentTree ├── test-exclude@5.1.0
41 silly currentTree ├── throat@4.1.0
41 silly currentTree ├── tmpl@1.0.4
41 silly currentTree ├── to-fast-properties@2.0.0
41 silly currentTree ├─┬ to-object-path@0.3.0
41 silly currentTree │ └── kind-of@3.2.2
41 silly currentTree ├── to-regex-range@2.1.1
41 silly currentTree ├── to-regex@3.0.2
41 silly currentTree ├── tough-cookie@2.5.0
41 silly currentTree ├── tr46@1.0.1
41 silly currentTree ├── trim-right@1.0.1
41 silly currentTree ├── tunnel-agent@0.6.0
41 silly currentTree ├── tweetnacl@0.14.5
41 silly currentTree ├── type-check@0.3.2
41 silly currentTree ├─┬ uglify-js@3.4.9
41 silly currentTree │ └── source-map@0.6.1
41 silly currentTree ├─┬ union-value@1.0.0
41 silly currentTree │ ├── extend-shallow@2.0.1
41 silly currentTree │ └── set-value@0.4.3
41 silly currentTree ├─┬ unset-value@1.0.0
41 silly currentTree │ ├─┬ has-value@0.3.1
41 silly currentTree │ │ └── isobject@2.1.0
41 silly currentTree │ └── has-values@0.1.4
41 silly currentTree ├── uri-js@4.2.2
41 silly currentTree ├── urix@0.1.0
41 silly currentTree ├── use@3.1.1
41 silly currentTree ├── util-deprecate@1.0.2
41 silly currentTree ├── util.promisify@1.0.0
41 silly currentTree ├── uuid@3.3.2
41 silly currentTree ├── validate-npm-package-license@3.0.4
41 silly currentTree ├── verror@1.10.0
41 silly currentTree ├── w3c-hr-time@1.0.1
41 silly currentTree ├── walker@1.0.7
41 silly currentTree ├─┬ watch@0.18.0
41 silly currentTree │ └── minimist@1.2.0
41 silly currentTree ├── webidl-conversions@4.0.2
41 silly currentTree ├── whatwg-encoding@1.0.5
41 silly currentTree ├── whatwg-mimetype@2.3.0
41 silly currentTree ├── whatwg-url@6.5.0
41 silly currentTree ├── which-module@2.0.0
41 silly currentTree ├── which@1.3.1
41 silly currentTree ├── wordwrap@0.0.3
41 silly currentTree ├─┬ wrap-ansi@2.1.0
41 silly currentTree │ ├── ansi-regex@2.1.1
41 silly currentTree │ ├── is-fullwidth-code-point@1.0.0
41 silly currentTree │ ├── string-width@1.0.2
41 silly currentTree │ └── strip-ansi@3.0.1
41 silly currentTree ├── wrappy@1.0.2
41 silly currentTree ├── write-file-atomic@2.4.1
41 silly currentTree ├── ws@5.2.2
41 silly currentTree ├── xml-name-validator@3.0.0
41 silly currentTree ├── y18n@4.0.0
41 silly currentTree ├── yargs-parser@11.1.1
41 silly currentTree └── yargs@12.0.5
42 silly idealTree react-and-rails@
42 silly idealTree ├── @babel/code-frame@7.0.0
42 silly idealTree ├── @babel/core@7.3.4
42 silly idealTree ├── @babel/generator@7.3.4
42 silly idealTree ├── @babel/helper-function-name@7.1.0
42 silly idealTree ├── @babel/helper-get-function-arity@7.0.0
42 silly idealTree ├── @babel/helper-plugin-utils@7.0.0
42 silly idealTree ├── @babel/helper-split-export-declaration@7.0.0
42 silly idealTree ├── @babel/helpers@7.3.1
42 silly idealTree ├── @babel/highlight@7.0.0
42 silly idealTree ├── @babel/parser@7.3.4
42 silly idealTree ├── @babel/plugin-syntax-object-rest-spread@7.2.0
42 silly idealTree ├── @babel/template@7.2.2
42 silly idealTree ├── @babel/traverse@7.3.4
42 silly idealTree ├── @babel/types@7.3.4
42 silly idealTree ├── abab@2.0.0
42 silly idealTree ├─┬ acorn-globals@4.3.0
42 silly idealTree │ └── acorn@6.1.0
42 silly idealTree ├── acorn-walk@6.1.1
42 silly idealTree ├── acorn@5.7.3
42 silly idealTree ├── ajv@6.9.2
42 silly idealTree ├── ansi-escapes@3.2.0
42 silly idealTree ├── ansi-regex@4.0.0
42 silly idealTree ├── ansi-styles@3.2.1
42 silly idealTree ├── anymatch@2.0.0
42 silly idealTree ├── append-transform@1.0.0
42 silly idealTree ├── argparse@1.0.10
42 silly idealTree ├── arr-diff@4.0.0
42 silly idealTree ├── arr-flatten@1.1.0
42 silly idealTree ├── arr-union@3.1.0
42 silly idealTree ├── array-equal@1.0.0
42 silly idealTree ├── array-unique@0.3.2
42 silly idealTree ├── arrify@1.0.1
42 silly idealTree ├── asn1@0.2.4
42 silly idealTree ├── assert-plus@1.0.0
42 silly idealTree ├── assign-symbols@1.0.0
42 silly idealTree ├── astral-regex@1.0.0
42 silly idealTree ├── async-limiter@1.0.0
42 silly idealTree ├── async@2.6.2
42 silly idealTree ├── asynckit@0.4.0
42 silly idealTree ├── atob@2.1.2
42 silly idealTree ├── aws-sign2@0.7.0
42 silly idealTree ├── aws4@1.8.0
42 silly idealTree ├── babel-jest@24.1.0
42 silly idealTree ├── babel-plugin-istanbul@5.1.1
42 silly idealTree ├── babel-plugin-jest-hoist@24.1.0
42 silly idealTree ├── babel-preset-jest@24.1.0
42 silly idealTree ├── balanced-match@1.0.0
42 silly idealTree ├─┬ base@0.11.2
42 silly idealTree │ ├── define-property@1.0.0
42 silly idealTree │ ├── is-accessor-descriptor@1.0.0
42 silly idealTree │ ├── is-data-descriptor@1.0.0
42 silly idealTree │ └── is-descriptor@1.0.2
42 silly idealTree ├── bcrypt-pbkdf@1.0.2
42 silly idealTree ├── brace-expansion@1.1.11
42 silly idealTree ├─┬ braces@2.3.2
42 silly idealTree │ └── extend-shallow@2.0.1
42 silly idealTree ├── browser-process-hrtime@0.1.3
42 silly idealTree ├─┬ browser-resolve@1.11.3
42 silly idealTree │ └── resolve@1.1.7
42 silly idealTree ├── bser@2.0.0
42 silly idealTree ├── buffer-from@1.1.1
42 silly idealTree ├── cache-base@1.0.1
42 silly idealTree ├── callsites@3.0.0
42 silly idealTree ├── camelcase@5.0.0
42 silly idealTree ├── capture-exit@1.2.0
42 silly idealTree ├── caseless@0.12.0
42 silly idealTree ├── chalk@2.4.2
42 silly idealTree ├── ci-info@2.0.0
42 silly idealTree ├─┬ class-utils@0.3.6
42 silly idealTree │ └── define-property@0.2.5
42 silly idealTree ├─┬ cliui@4.1.0
42 silly idealTree │ ├── ansi-regex@3.0.0
42 silly idealTree │ └── strip-ansi@4.0.0
42 silly idealTree ├── co@4.6.0
42 silly idealTree ├── code-point-at@1.1.0
42 silly idealTree ├── collection-visit@1.0.0
42 silly idealTree ├── color-convert@1.9.3
42 silly idealTree ├── color-name@1.1.3
42 silly idealTree ├── combined-stream@1.0.7
42 silly idealTree ├── commander@2.17.1
42 silly idealTree ├── compare-versions@3.4.0
42 silly idealTree ├── component-emitter@1.2.1
42 silly idealTree ├── concat-map@0.0.1
42 silly idealTree ├── convert-source-map@1.6.0
42 silly idealTree ├── copy-descriptor@0.1.1
42 silly idealTree ├── core-util-is@1.0.2
42 silly idealTree ├── cross-spawn@6.0.5
42 silly idealTree ├── cssom@0.3.6
42 silly idealTree ├── cssstyle@1.2.1
42 silly idealTree ├── dashdash@1.14.1
42 silly idealTree ├─┬ data-urls@1.1.0
42 silly idealTree │ └── whatwg-url@7.0.0
42 silly idealTree ├── debug@4.1.1
42 silly idealTree ├── decamelize@1.2.0
42 silly idealTree ├── decode-uri-component@0.2.0
42 silly idealTree ├── deep-is@0.1.3
42 silly idealTree ├── default-require-extensions@2.0.0
42 silly idealTree ├── define-properties@1.1.3
42 silly idealTree ├─┬ define-property@2.0.2
42 silly idealTree │ ├── is-accessor-descriptor@1.0.0
42 silly idealTree │ ├── is-data-descriptor@1.0.0
42 silly idealTree │ └── is-descriptor@1.0.2
42 silly idealTree ├── delayed-stream@1.0.0
42 silly idealTree ├── detect-newline@2.1.0
42 silly idealTree ├── diff-sequences@24.0.0
42 silly idealTree ├── domexception@1.0.1
42 silly idealTree ├── ecc-jsbn@0.1.2
42 silly idealTree ├── end-of-stream@1.4.1
42 silly idealTree ├── error-ex@1.3.2
42 silly idealTree ├── es-abstract@1.13.0
42 silly idealTree ├── es-to-primitive@1.2.0
42 silly idealTree ├── escape-string-regexp@1.0.5
42 silly idealTree ├─┬ escodegen@1.11.1
42 silly idealTree │ ├── esprima@3.1.3
42 silly idealTree │ └── source-map@0.6.1
42 silly idealTree ├── esprima@4.0.1
42 silly idealTree ├── estraverse@4.2.0
42 silly idealTree ├── esutils@2.0.2
42 silly idealTree ├── exec-sh@0.2.2
42 silly idealTree ├── execa@1.0.0
42 silly idealTree ├── exit@0.1.2
42 silly idealTree ├─┬ expand-brackets@2.1.4
42 silly idealTree │ ├── debug@2.6.9
42 silly idealTree │ ├── define-property@0.2.5
42 silly idealTree │ ├── extend-shallow@2.0.1
42 silly idealTree │ └── ms@2.0.0
42 silly idealTree ├── expect@24.1.0
42 silly idealTree ├─┬ extend-shallow@3.0.2
42 silly idealTree │ └── is-extendable@1.0.1
42 silly idealTree ├── extend@3.0.2
42 silly idealTree ├─┬ extglob@2.0.4
42 silly idealTree │ ├── define-property@1.0.0
42 silly idealTree │ ├── extend-shallow@2.0.1
42 silly idealTree │ ├── is-accessor-descriptor@1.0.0
42 silly idealTree │ ├── is-data-descriptor@1.0.0
42 silly idealTree │ └── is-descriptor@1.0.2
42 silly idealTree ├── extsprintf@1.3.0
42 silly idealTree ├── fast-deep-equal@2.0.1
42 silly idealTree ├── fast-json-stable-stringify@2.0.0
42 silly idealTree ├── fast-levenshtein@2.0.6
42 silly idealTree ├── fb-watchman@2.0.0
42 silly idealTree ├── fileset@2.0.3
42 silly idealTree ├─┬ fill-range@4.0.0
42 silly idealTree │ └── extend-shallow@2.0.1
42 silly idealTree ├── find-up@3.0.0
42 silly idealTree ├── for-in@1.0.2
42 silly idealTree ├── forever-agent@0.6.1
42 silly idealTree ├── form-data@2.3.3
42 silly idealTree ├── fragment-cache@0.2.1
42 silly idealTree ├── fs.realpath@1.0.0
42 silly idealTree ├── function-bind@1.1.1
42 silly idealTree ├── get-caller-file@1.0.3
42 silly idealTree ├── get-stream@4.1.0
42 silly idealTree ├── get-value@2.0.6
42 silly idealTree ├── getpass@0.1.7
42 silly idealTree ├── glob@7.1.3
42 silly idealTree ├── globals@11.11.0
42 silly idealTree ├── graceful-fs@4.1.15
42 silly idealTree ├── growly@1.3.0
42 silly idealTree ├─┬ handlebars@4.1.0
42 silly idealTree │ └── source-map@0.6.1
42 silly idealTree ├── har-schema@2.0.0
42 silly idealTree ├── har-validator@5.1.3
42 silly idealTree ├── has-flag@3.0.0
42 silly idealTree ├── has-symbols@1.0.0
42 silly idealTree ├── has-value@1.0.0
42 silly idealTree ├─┬ has-values@1.0.0
42 silly idealTree │ └── kind-of@4.0.0
42 silly idealTree ├── has@1.0.3
42 silly idealTree ├── hosted-git-info@2.7.1
42 silly idealTree ├── html-encoding-sniffer@1.0.2
42 silly idealTree ├── http-signature@1.2.0
42 silly idealTree ├── iconv-lite@0.4.24
42 silly idealTree ├── import-local@2.0.0
42 silly idealTree ├── imurmurhash@0.1.4
42 silly idealTree ├── inflight@1.0.6
42 silly idealTree ├── inherits@2.0.3
42 silly idealTree ├── invariant@2.2.4
42 silly idealTree ├── invert-kv@2.0.0
42 silly idealTree ├─┬ is-accessor-descriptor@0.1.6
42 silly idealTree │ └── kind-of@3.2.2
42 silly idealTree ├── is-arrayish@0.2.1
42 silly idealTree ├── is-buffer@1.1.6
42 silly idealTree ├── is-callable@1.1.4
42 silly idealTree ├── is-ci@2.0.0
42 silly idealTree ├─┬ is-data-descriptor@0.1.4
42 silly idealTree │ └── kind-of@3.2.2
42 silly idealTree ├── is-date-object@1.0.1
42 silly idealTree ├─┬ is-descriptor@0.1.6
42 silly idealTree │ └── kind-of@5.1.0
42 silly idealTree ├── is-extendable@0.1.1
42 silly idealTree ├── is-fullwidth-code-point@2.0.0
42 silly idealTree ├── is-generator-fn@2.0.0
42 silly idealTree ├─┬ is-number@3.0.0
42 silly idealTree │ └── kind-of@3.2.2
42 silly idealTree ├── is-plain-object@2.0.4
42 silly idealTree ├── is-regex@1.0.4
42 silly idealTree ├── is-stream@1.1.0
42 silly idealTree ├── is-symbol@1.0.2
42 silly idealTree ├── is-typedarray@1.0.0
42 silly idealTree ├── is-windows@1.0.2
42 silly idealTree ├── is-wsl@1.1.0
42 silly idealTree ├── isarray@1.0.0
42 silly idealTree ├── isexe@2.0.0
42 silly idealTree ├── isobject@3.0.1
42 silly idealTree ├── isstream@0.1.2
42 silly idealTree ├── istanbul-api@2.1.1
42 silly idealTree ├── istanbul-lib-coverage@2.0.3
42 silly idealTree ├── istanbul-lib-hook@2.0.3
42 silly idealTree ├── istanbul-lib-instrument@3.1.0
42 silly idealTree ├─┬ istanbul-lib-report@2.0.4
42 silly idealTree │ └── supports-color@6.1.0
42 silly idealTree ├─┬ istanbul-lib-source-maps@3.0.2
42 silly idealTree │ └── source-map@0.6.1
42 silly idealTree ├── istanbul-reports@2.1.1
42 silly idealTree ├── jest-changed-files@24.0.0
42 silly idealTree ├── jest-config@24.1.0
42 silly idealTree ├── jest-diff@24.0.0
42 silly idealTree ├── jest-docblock@24.0.0
42 silly idealTree ├── jest-each@24.0.0
42 silly idealTree ├── jest-environment-jsdom@24.0.0
42 silly idealTree ├── jest-environment-node@24.0.0
42 silly idealTree ├── jest-get-type@24.0.0
42 silly idealTree ├── jest-haste-map@24.0.0
42 silly idealTree ├── jest-jasmine2@24.1.0
42 silly idealTree ├── jest-leak-detector@24.0.0
42 silly idealTree ├── jest-matcher-utils@24.0.0
42 silly idealTree ├── jest-message-util@24.0.0
42 silly idealTree ├── jest-mock@24.0.0
42 silly idealTree ├── jest-regex-util@24.0.0
42 silly idealTree ├── jest-resolve-dependencies@24.1.0
42 silly idealTree ├── jest-resolve@24.1.0
42 silly idealTree ├── jest-runner@24.1.0
42 silly idealTree ├── jest-runtime@24.1.0
42 silly idealTree ├── jest-serializer@24.0.0
42 silly idealTree ├── jest-snapshot@24.1.0
42 silly idealTree ├─┬ jest-util@24.0.0
42 silly idealTree │ └── source-map@0.6.1
42 silly idealTree ├── jest-validate@24.0.0
42 silly idealTree ├── jest-watcher@24.0.0
42 silly idealTree ├─┬ jest-worker@24.0.0
42 silly idealTree │ └── supports-color@6.1.0
42 silly idealTree ├─┬ jest@24.1.0
42 silly idealTree │ └── jest-cli@24.1.0
42 silly idealTree ├── js-tokens@4.0.0
42 silly idealTree ├── js-yaml@3.12.1
42 silly idealTree ├── jsbn@0.1.1
42 silly idealTree ├── jsdom@11.12.0
42 silly idealTree ├── jsesc@2.5.2
42 silly idealTree ├── json-parse-better-errors@1.0.2
42 silly idealTree ├── json-schema-traverse@0.4.1
42 silly idealTree ├── json-schema@0.2.3
42 silly idealTree ├── json-stringify-safe@5.0.1
42 silly idealTree ├─┬ json5@2.1.0
42 silly idealTree │ └── minimist@1.2.0
42 silly idealTree ├── jsprim@1.4.1
42 silly idealTree ├── kind-of@6.0.2
42 silly idealTree ├── kleur@3.0.2
42 silly idealTree ├── lcid@2.0.0
42 silly idealTree ├── left-pad@1.3.0
42 silly idealTree ├── leven@2.1.0
42 silly idealTree ├── levn@0.3.0
42 silly idealTree ├── load-json-file@4.0.0
42 silly idealTree ├── locate-path@3.0.0
42 silly idealTree ├── lodash.sortby@4.7.0
42 silly idealTree ├── lodash@4.17.11
42 silly idealTree ├── loose-envify@1.4.0
42 silly idealTree ├── make-dir@1.3.0
42 silly idealTree ├── makeerror@1.0.11
42 silly idealTree ├── map-age-cleaner@0.1.3
42 silly idealTree ├── map-cache@0.2.2
42 silly idealTree ├── map-visit@1.0.0
42 silly idealTree ├── mem@4.1.0
42 silly idealTree ├── merge-stream@1.0.1
42 silly idealTree ├── merge@1.2.1
42 silly idealTree ├── micromatch@3.1.10
42 silly idealTree ├── mime-db@1.38.0
42 silly idealTree ├── mime-types@2.1.22
42 silly idealTree ├── mimic-fn@1.2.0
42 silly idealTree ├── minimatch@3.0.4
42 silly idealTree ├── minimist@0.0.10
42 silly idealTree ├─┬ mixin-deep@1.3.1
42 silly idealTree │ └── is-extendable@1.0.1
42 silly idealTree ├─┬ mkdirp@0.5.1
42 silly idealTree │ └── minimist@0.0.8
42 silly idealTree ├── ms@2.1.1
42 silly idealTree ├── nanomatch@1.2.13
42 silly idealTree ├── natural-compare@1.4.0
42 silly idealTree ├── nice-try@1.0.5
42 silly idealTree ├── node-int64@0.4.0
42 silly idealTree ├── node-modules-regexp@1.0.0
42 silly idealTree ├── node-notifier@5.4.0
42 silly idealTree ├── normalize-package-data@2.5.0
42 silly idealTree ├── normalize-path@2.1.1
42 silly idealTree ├── npm-run-path@2.0.2
42 silly idealTree ├── number-is-nan@1.0.1
42 silly idealTree ├── nwsapi@2.1.1
42 silly idealTree ├── oauth-sign@0.9.0
42 silly idealTree ├─┬ object-copy@0.1.0
42 silly idealTree │ ├── define-property@0.2.5
42 silly idealTree │ └── kind-of@3.2.2
42 silly idealTree ├── object-keys@1.1.0
42 silly idealTree ├── object-visit@1.0.1
42 silly idealTree ├── object.getownpropertydescriptors@2.0.3
42 silly idealTree ├── object.pick@1.3.0
42 silly idealTree ├── once@1.4.0
42 silly idealTree ├── optimist@0.6.1
42 silly idealTree ├─┬ optionator@0.8.2
42 silly idealTree │ └── wordwrap@1.0.0
42 silly idealTree ├── os-locale@3.1.0
42 silly idealTree ├── p-defer@1.0.0
42 silly idealTree ├── p-each-series@1.0.0
42 silly idealTree ├── p-finally@1.0.0
42 silly idealTree ├── p-is-promise@2.0.0
42 silly idealTree ├── p-limit@2.1.0
42 silly idealTree ├── p-locate@3.0.0
42 silly idealTree ├── p-reduce@1.0.0
42 silly idealTree ├── p-try@2.0.0
42 silly idealTree ├── parse-json@4.0.0
42 silly idealTree ├── parse5@4.0.0
42 silly idealTree ├── pascalcase@0.1.1
42 silly idealTree ├── path-exists@3.0.0
42 silly idealTree ├── path-is-absolute@1.0.1
42 silly idealTree ├── path-key@2.0.1
42 silly idealTree ├── path-parse@1.0.6
42 silly idealTree ├── path-type@3.0.0
42 silly idealTree ├── performance-now@2.1.0
42 silly idealTree ├── pify@3.0.0
42 silly idealTree ├── pirates@4.0.1
42 silly idealTree ├── pkg-dir@3.0.0
42 silly idealTree ├── pn@1.1.0
42 silly idealTree ├── posix-character-classes@0.1.1
42 silly idealTree ├── prelude-ls@1.1.2
42 silly idealTree ├── pretty-format@24.0.0
42 silly idealTree ├── process-nextick-args@2.0.0
42 silly idealTree ├── prompts@2.0.3
42 silly idealTree ├── psl@1.1.31
42 silly idealTree ├── pump@3.0.0
42 silly idealTree ├── punycode@2.1.1
42 silly idealTree ├── qs@6.5.2
42 silly idealTree ├── read-pkg-up@4.0.0
42 silly idealTree ├── read-pkg@3.0.0
42 silly idealTree ├── readable-stream@2.3.6
42 silly idealTree ├── realpath-native@1.1.0
42 silly idealTree ├── regex-not@1.0.2
42 silly idealTree ├── remove-trailing-separator@1.1.0
42 silly idealTree ├── repeat-element@1.1.3
42 silly idealTree ├── repeat-string@1.6.1
42 silly idealTree ├── request-promise-core@1.1.2
42 silly idealTree ├── request-promise-native@1.0.7
42 silly idealTree ├─┬ request@2.88.0
42 silly idealTree │ ├── punycode@1.4.1
42 silly idealTree │ └── tough-cookie@2.4.3
42 silly idealTree ├── require-directory@2.1.1
42 silly idealTree ├── require-main-filename@1.0.1
42 silly idealTree ├── resolve-cwd@2.0.0
42 silly idealTree ├── resolve-from@3.0.0
42 silly idealTree ├── resolve-url@0.2.1
42 silly idealTree ├── resolve@1.10.0
42 silly idealTree ├── ret@0.1.15
42 silly idealTree ├── rimraf@2.6.3
42 silly idealTree ├── rsvp@3.6.2
42 silly idealTree ├── safe-buffer@5.1.2
42 silly idealTree ├── safe-regex@1.1.0
42 silly idealTree ├── safer-buffer@2.1.2
42 silly idealTree ├─┬ sane@3.1.0
42 silly idealTree │ └── minimist@1.2.0
42 silly idealTree ├── sax@1.2.4
42 silly idealTree ├── semver@5.6.0
42 silly idealTree ├── set-blocking@2.0.0
42 silly idealTree ├─┬ set-value@2.0.0
42 silly idealTree │ └── extend-shallow@2.0.1
42 silly idealTree ├── shebang-command@1.2.0
42 silly idealTree ├── shebang-regex@1.0.0
42 silly idealTree ├── shellwords@0.1.1
42 silly idealTree ├── signal-exit@3.0.2
42 silly idealTree ├── sisteransi@1.0.0
42 silly idealTree ├── slash@2.0.0
42 silly idealTree ├─┬ snapdragon-node@2.1.1
42 silly idealTree │ ├── define-property@1.0.0
42 silly idealTree │ ├── is-accessor-descriptor@1.0.0
42 silly idealTree │ ├── is-data-descriptor@1.0.0
42 silly idealTree │ └── is-descriptor@1.0.2
42 silly idealTree ├─┬ snapdragon-util@3.0.1
42 silly idealTree │ └── kind-of@3.2.2
42 silly idealTree ├─┬ snapdragon@0.8.2
42 silly idealTree │ ├── debug@2.6.9
42 silly idealTree │ ├── define-property@0.2.5
42 silly idealTree │ ├── extend-shallow@2.0.1
42 silly idealTree │ └── ms@2.0.0
42 silly idealTree ├── source-map-resolve@0.5.2
42 silly idealTree ├─┬ source-map-support@0.5.10
42 silly idealTree │ └── source-map@0.6.1
42 silly idealTree ├── source-map-url@0.4.0
42 silly idealTree ├── source-map@0.5.7
42 silly idealTree ├── spdx-correct@3.1.0
42 silly idealTree ├── spdx-exceptions@2.2.0
42 silly idealTree ├── spdx-expression-parse@3.0.0
42 silly idealTree ├── spdx-license-ids@3.0.3
42 silly idealTree ├── split-string@3.1.0
42 silly idealTree ├── sprintf-js@1.0.3
42 silly idealTree ├── sshpk@1.16.1
42 silly idealTree ├── stack-utils@1.0.2
42 silly idealTree ├─┬ static-extend@0.1.2
42 silly idealTree │ └── define-property@0.2.5
42 silly idealTree ├── stealthy-require@1.1.1
42 silly idealTree ├── string_decoder@1.1.1
42 silly idealTree ├─┬ string-length@2.0.0
42 silly idealTree │ ├── ansi-regex@3.0.0
42 silly idealTree │ └── strip-ansi@4.0.0
42 silly idealTree ├─┬ string-width@2.1.1
42 silly idealTree │ ├── ansi-regex@3.0.0
42 silly idealTree │ └── strip-ansi@4.0.0
42 silly idealTree ├── strip-ansi@5.0.0
42 silly idealTree ├── strip-bom@3.0.0
42 silly idealTree ├── strip-eof@1.0.0
42 silly idealTree ├── supports-color@5.5.0
42 silly idealTree ├── symbol-tree@3.2.2
42 silly idealTree ├── test-exclude@5.1.0
42 silly idealTree ├── throat@4.1.0
42 silly idealTree ├── tmpl@1.0.4
42 silly idealTree ├── to-fast-properties@2.0.0
42 silly idealTree ├─┬ to-object-path@0.3.0
42 silly idealTree │ └── kind-of@3.2.2
42 silly idealTree ├── to-regex-range@2.1.1
42 silly idealTree ├── to-regex@3.0.2
42 silly idealTree ├── tough-cookie@2.5.0
42 silly idealTree ├── tr46@1.0.1
42 silly idealTree ├── trim-right@1.0.1
42 silly idealTree ├── tunnel-agent@0.6.0
42 silly idealTree ├── tweetnacl@0.14.5
42 silly idealTree ├── type-check@0.3.2
42 silly idealTree ├─┬ uglify-js@3.4.9
42 silly idealTree │ └── source-map@0.6.1
42 silly idealTree ├─┬ union-value@1.0.0
42 silly idealTree │ ├── extend-shallow@2.0.1
42 silly idealTree │ └── set-value@0.4.3
42 silly idealTree ├─┬ unset-value@1.0.0
42 silly idealTree │ ├─┬ has-value@0.3.1
42 silly idealTree │ │ └── isobject@2.1.0
42 silly idealTree │ └── has-values@0.1.4
42 silly idealTree ├── uri-js@4.2.2
42 silly idealTree ├── urix@0.1.0
42 silly idealTree ├── use@3.1.1
42 silly idealTree ├── util-deprecate@1.0.2
42 silly idealTree ├── util.promisify@1.0.0
42 silly idealTree ├── uuid@3.3.2
42 silly idealTree ├── validate-npm-package-license@3.0.4
42 silly idealTree ├── verror@1.10.0
42 silly idealTree ├── w3c-hr-time@1.0.1
42 silly idealTree ├── walker@1.0.7
42 silly idealTree ├─┬ watch@0.18.0
42 silly idealTree │ └── minimist@1.2.0
42 silly idealTree ├── webidl-conversions@4.0.2
42 silly idealTree ├── whatwg-encoding@1.0.5
42 silly idealTree ├── whatwg-mimetype@2.3.0
42 silly idealTree ├── whatwg-url@6.5.0
42 silly idealTree ├── which-module@2.0.0
42 silly idealTree ├── which@1.3.1
42 silly idealTree ├── wordwrap@0.0.3
42 silly idealTree ├─┬ wrap-ansi@2.1.0
42 silly idealTree │ ├── ansi-regex@2.1.1
42 silly idealTree │ ├── is-fullwidth-code-point@1.0.0
42 silly idealTree │ ├── string-width@1.0.2
42 silly idealTree │ └── strip-ansi@3.0.1
42 silly idealTree ├── wrappy@1.0.2
42 silly idealTree ├── write-file-atomic@2.4.1
42 silly idealTree ├── ws@5.2.2
42 silly idealTree ├── xml-name-validator@3.0.0
42 silly idealTree ├── y18n@4.0.0
42 silly idealTree ├── yargs-parser@11.1.1
42 silly idealTree └── yargs@12.0.5
43 silly generateActionsToTake Starting
44 silly install generateActionsToTake
45 silly generateActionsToTake Finishing
46 silly diffTrees action count 0
47 silly decomposeActions action count 0
48 silly runTopLevelLifecycles Starting
49 silly install runPreinstallTopLevelLifecycles
50 silly preinstall react-and-rails@ /home/ubuntu/workspace/pbe/react-and-rails-d5838825
51 info lifecycle react-and-rails@~preinstall: react-and-rails@
52 silly lifecycle react-and-rails@~preinstall: no script for preinstall, continuing
53 silly executeActions Starting
54 silly install executeActions
55 silly doSerial global-install 0
56 silly doParallel fetch 0
57 verbose correctMkdir /home/ubuntu/.npm/_locks correctMkdir not in flight; initializing
58 verbose lock using /home/ubuntu/.npm/_locks/staging-d4e2e4e9420f6d0b.lock for /home/ubuntu/workspace/pbe/node_modules/.staging
59 silly doParallel extract 0
60 silly doParallel preinstall 0
61 silly doReverseSerial remove 0
62 silly doSerial move 0
63 silly doSerial finalize 0
64 silly doSerial build 0
65 silly doSerial global-link 0
66 silly doParallel update-linked 0
67 silly doSerial install 0
68 silly doSerial postinstall 0
69 verbose unlock done using /home/ubuntu/.npm/_locks/staging-d4e2e4e9420f6d0b.lock for /home/ubuntu/workspace/pbe/node_modules/.staging
70 silly executeActions Finishing
71 silly rollbackFailedOptional Starting
72 silly rollbackFailedOptional Finishing
73 silly install runPostinstallTopLevelLifecycles
74 silly build react-and-rails@
75 info linkStuff react-and-rails@
76 silly linkStuff react-and-rails@ has /home/ubuntu/workspace as its parent node_modules
77 verbose linkBins react-and-rails@
78 verbose linkMans react-and-rails@
79 silly install react-and-rails@ /home/ubuntu/workspace/pbe/react-and-rails-d5838825
80 info lifecycle react-and-rails@~install: react-and-rails@
81 silly lifecycle react-and-rails@~install: no script for install, continuing
82 silly postinstall react-and-rails@ /home/ubuntu/workspace/pbe/react-and-rails-d5838825
83 info lifecycle react-and-rails@~postinstall: react-and-rails@
84 verbose lifecycle react-and-rails@~postinstall: unsafe-perm in lifecycle true
85 verbose lifecycle react-and-rails@~postinstall: PATH: /home/ubuntu/.nvm/versions/node/v6.11.5/lib/node_modules/npm/bin/node-gyp-bin:/home/ubuntu/workspace/pbe/node_modules/.bin:/usr/local/rvm/gems/ruby-2.4.5/bin:/usr/local/rvm/gems/ruby-2.4.5@global/bin:/usr/local/rvm/rubies/ruby-2.4.5/bin:/usr/local/rvm/bin:/home/ubuntu/.nvm/versions/node/v6.11.5/bin:/mnt/shared/bin:/home/ubuntu/workspace/node_modules/.bin:/home/ubuntu/bin:/usr/local/sbin:/usr/local/bin:/usr/sbin:/usr/bin:/sbin:/bin:/mnt/shared/sbin:/opt/gitl:/opt/go/bin:/mnt/shared/c9/app.nw/bin
86 verbose lifecycle react-and-rails@~postinstall: CWD: /home/ubuntu/workspace/pbe
87 silly lifecycle react-and-rails@~postinstall: Args: [ '-c',
87 silly lifecycle   'npm run build && npm run deploy && echo \'Client built!\'' ]
88 silly lifecycle react-and-rails@~postinstall: Returned: code: 1  signal: null
89 info lifecycle react-and-rails@~postinstall: Failed to exec postinstall script
90 warn optional SKIPPING OPTIONAL DEPENDENCY: fsevents@^1.2.3 (node_modules/sane/node_modules/fsevents):
91 warn notsup SKIPPING OPTIONAL DEPENDENCY: Unsupported platform for fsevents@1.2.7: wanted {"os":"darwin","arch":"any"} (current: {"os":"linux","arch":"x64"})
92 verbose notsup SKIPPING OPTIONAL DEPENDENCY: Valid OS:    darwin
92 verbose notsup SKIPPING OPTIONAL DEPENDENCY: Valid Arch:  any
92 verbose notsup SKIPPING OPTIONAL DEPENDENCY: Actual OS:   linux
92 verbose notsup SKIPPING OPTIONAL DEPENDENCY: Actual Arch: x64
93 warn react-and-rails@ No repository field.
94 verbose If you need help, you may report this error at:
94 verbose     <https://github.com/npm/npm/issues>
95 warn react-and-rails@ No license field.
96 verbose If you need help, you may report this error at:
96 verbose     <https://github.com/npm/npm/issues>
97 verbose stack Error: react-and-rails@ postinstall: `npm run build && npm run deploy && echo 'Client built!'`
97 verbose stack Exit status 1
97 verbose stack     at EventEmitter.<anonymous> (/home/ubuntu/.nvm/versions/node/v6.11.5/lib/node_modules/npm/lib/utils/lifecycle.js:255:16)
97 verbose stack     at emitTwo (events.js:106:13)
97 verbose stack     at EventEmitter.emit (events.js:191:7)
97 verbose stack     at ChildProcess.<anonymous> (/home/ubuntu/.nvm/versions/node/v6.11.5/lib/node_modules/npm/lib/utils/spawn.js:40:14)
97 verbose stack     at emitTwo (events.js:106:13)
97 verbose stack     at ChildProcess.emit (events.js:191:7)
97 verbose stack     at maybeClose (internal/child_process.js:920:16)
97 verbose stack     at Process.ChildProcess._handle.onexit (internal/child_process.js:230:5)
98 verbose pkgid react-and-rails@
99 verbose cwd /home/ubuntu/workspace/pbe
100 error Linux 4.9.120-c9
101 error argv "/home/ubuntu/.nvm/versions/node/v6.11.5/bin/node" "/home/ubuntu/.nvm/versions/node/v6.11.5/bin/npm" "install"
102 error node v6.11.5
103 error npm  v3.10.10
104 error code ELIFECYCLE
105 error react-and-rails@ postinstall: `npm run build && npm run deploy && echo 'Client built!'`
105 error Exit status 1
106 error Failed at the react-and-rails@ postinstall script 'npm run build && npm run deploy && echo 'Client built!''.
106 error Make sure you have the latest version of node.js and npm installed.
106 error If you do, this is most likely a problem with the react-and-rails package,
106 error not with npm itself.
106 error Tell the author that this fails on your system:
106 error     npm run build && npm run deploy && echo 'Client built!'
106 error You can get information on how to open an issue for this project with:
106 error     npm bugs react-and-rails
106 error Or if that isn't available, you can get their info via:
106 error     npm owner ls react-and-rails
106 error There is likely additional logging output above.
107 verbose exit [ 1, true ]
